make all --print-data-base --no-builtin-variables --no-builtin-rules --question
# GNU Make 4.2.1
# Built for x86_64-pc-linux-gnu
# Copyright (C) 1988-2016 Free Software Foundation, Inc.
# License GPLv3+: GNU GPL version 3 or later <http://gnu.org/licenses/gpl.html>
# This is free software: you are free to change and redistribute it.
# There is NO WARRANTY, to the extent permitted by law.

# Make data base, printed on Wed Dec 29 15:39:11 2021

# Variables

# automatic
<D = $(patsubst %/,%,$(dir $<))
# automatic
?F = $(notdir $?)
# environment
DESKTOP_SESSION = ubuntu
# default
.SHELLFLAGS := -c
# environment
XDG_SESSION_CLASS = user
# environment
XDG_SESSION_TYPE = x11
# environment
VSCODE_LOG_NATIVE = false
# automatic
?D = $(patsubst %/,%,$(dir $?))
# makefile (from 'Makefile', line 8)
INCLUDES = ./minilibx/ -lmlx_Linux -lXext -lX11 
# automatic
@D = $(patsubst %/,%,$(dir $@))
# environment
XAUTHORITY = /mnt/nfs/homes/nburat-d/.Xauthority
# environment
GDMSESSION = ubuntu
# environment
XMODIFIERS = @im=ibus
# makefile
CURDIR := /mnt/nfs/homes/nburat-d/Documents/fdf
# makefile
SHELL = /bin/sh
# environment
GDM_LANG = en
# environment
VSCODE_NLS_CONFIG = {"locale":"en-us","availableLanguages":{},"_languagePackSupport":true}
# environment
_ = /usr/share/code/code
# makefile (from 'Makefile', line 2)
CFLAGS = -Wall -Wextra -Werror
# environment
JOURNAL_STREAM = 9:4960184
# environment
XDG_CONFIG_DIRS = /etc/xdg/xdg-ubuntu:/etc/xdg
# makefile (from 'Makefile', line 1)
MAKEFILE_LIST :=  Makefile
# automatic
@F = $(notdir $@)
# environment
GIO_LAUNCHED_DESKTOP_FILE = /usr/share/applications/code.desktop
# 'override' directive
GNUMAKEFLAGS := 
# environment
MANDATORY_PATH = /usr/share/gconf/ubuntu.mandatory.path
# environment
XDG_DATA_DIRS = /usr/share/gnome:/usr/share/ubuntu:/mnt/nfs/homes/nburat-d/.local/share/flatpak/exports/share:/var/lib/flatpak/exports/share:/usr/local/share:/usr/share:/var/lib/snapd/desktop
# environment
DBUS_SESSION_BUS_ADDRESS = unix:path=/run/user/40568/bus
# environment
VSCODE_VERBOSE_LOGGING = true
# makefile (from 'Makefile', line 10)
OBJS = ${SRCS:.c=.o}
# environment
MANAGERPID = 1756444
# environment
VSCODE_IPC_HOOK_EXTHOST = /run/user/40568/vscode-ipc-4dba87f2-da6b-4bea-8525-42732e02e565.sock
# environment
VSCODE_CWD = /mnt/nfs/homes/nburat-d
# environment
XDG_SESSION_PATH = /org/freedesktop/DisplayManager/Session15
# environment
KRB5CCNAME = FILE:/tmp/krb5cc_40568_MVmv3f
# default
MAKE_HOST := x86_64-pc-linux-gnu
# environment
PATH = /mnt/nfs/homes/nburat-d/bin:/usr/local/sbin:/usr/local/bin:/usr/sbin:/usr/bin:/sbin:/bin:/usr/games:/usr/local/games:/snap/bin
# environment
GPG_AGENT_INFO = /run/user/40568/gnupg/S.gpg-agent:0:1
# environment
LSCOLORS = Gxfxcxdxbxegedabagacad
# environment
SESSION_MANAGER = local/e3r9p17.clusters.42paris.fr:@/tmp/.ICE-unix/1764755,unix/e3r9p17.clusters.42paris.fr:/tmp/.ICE-unix/1764755
# environment
XDG_RUNTIME_DIR = /run/user/40568
# environment
XDG_MENU_PREFIX = gnome-
# environment
VSCODE_LOG_STACK = false
# environment
VSCODE_CRASH_REPORTER_START_OPTIONS = {"companyName":"Microsoft","productName":"VSCode","submitURL":"appcenter://code?aid=fba07a4d-84bd-4fc8-a125-9640fc8ce171&uid=e04c7f51-6558-45a7-88e1-98d7e410145b&iid=e04c7f51-6558-45a7-88e1-98d7e410145b&sid=e04c7f51-6558-45a7-88e1-98d7e410145b","uploadToServer":true}
# environment
INVOCATION_ID = a732eb57c29c402dabe65fab4df5ddc6
# default
.FEATURES := target-specific order-only second-expansion else-if shortest-stem undefine oneshell archives jobserver output-sync check-symlink load
# environment
XDG_GREETER_DATA_DIR = /var/lib/lightdm-data/nburat-d
# environment
LS_COLORS = 
# environment
XDG_SESSION_DESKTOP = ubuntu
# environment
SSH_AUTH_SOCK = /run/user/40568/keyring/ssh
# environment
GIO_LAUNCHED_DESKTOP_FILE_PID = 1780356
# automatic
%F = $(notdir $%)
# environment
DISPLAY = :0
# environment
VSCODE_PIPE_LOGGING = true
# environment
PWD = /mnt/nfs/homes/nburat-d/Documents/fdf
# default
.LOADED := 
# environment
SSH_AGENT_PID = 1764718
# environment
ORIGINAL_XDG_CURRENT_DESKTOP = ubuntu:GNOME
# environment
GTK_MODULES = gail:atk-bridge
# environment
VSCODE_AMD_ENTRYPOINT = vs/workbench/services/extensions/node/extensionHostProcess
# environment
HOME = /mnt/nfs/homes/nburat-d
# environment
VSCODE_CODE_CACHE_PATH = /mnt/nfs/homes/nburat-d/.config/Code/CachedData/6cba118ac49a1b88332f312a8f67186f7f3c1643
# environment
LOGNAME = nburat-d
# environment
APPLICATION_INSIGHTS_NO_DIAGNOSTIC_CHANNEL = true
# environment
ZSH = /mnt/nfs/homes/nburat-d/.oh-my-zsh
# environment
VSCODE_HANDLES_UNCAUGHT_ERRORS = true
# environment
GNOME_DESKTOP_SESSION_ID = this-is-deprecated
# automatic
^D = $(patsubst %/,%,$(dir $^))
# environment
MAKELEVEL := 0
# default
MAKE = $(MAKE_COMMAND)
# default
MAKECMDGOALS := all
# environment
QT_IM_MODULE = ibus
# makefile (from 'Makefile', line 4)
SRCS = ./main/main.c ./util/line_drawing.c ./util/win_ctrl.c 
# environment
SHLVL = 0
# makefile (from 'Makefile', line 1)
CC = gcc
# environment
IM_CONFIG_PHASE = 1
# makefile (from 'Makefile', line 3)
EXEC = fdf
# default
MAKE_VERSION := 4.2.1
# environment
USER = nburat-d
# makefile
.DEFAULT_GOAL := all
# environment
XDG_CURRENT_DESKTOP = Unity
# environment
LIBVIRT_DEFAULT_URI = qemu:///system
# environment
LESS = -R
# automatic
%D = $(patsubst %/,%,$(dir $%))
# default
MAKE_COMMAND := make
# environment
OLDPWD = /mnt/nfs/homes/nburat-d
# default
.VARIABLES := 
# automatic
*F = $(notdir $*)
# environment
LANGUAGE = en
# environment
XDG_SEAT_PATH = /org/freedesktop/DisplayManager/Seat0
# environment
VSCODE_IPC_HOOK = /run/user/40568/vscode-2ba08e64-1.61.2-main.sock
# makefile
MAKEFLAGS = pqrR
# environment
MFLAGS = -pqrR
# automatic
*D = $(patsubst %/,%,$(dir $*))
# environment
BREAKPAD_DUMP_LOCATION = /mnt/nfs/homes/nburat-d/.config/Code/exthost Crash Reports
# automatic
+D = $(patsubst %/,%,$(dir $+))
# environment
GDK_BACKEND = x11
# automatic
+F = $(notdir $+)
# environment
QT_ACCESSIBILITY = 1
# environment
DEFAULTS_PATH = /usr/share/gconf/ubuntu.default.path
# default
MAKEFILES := 
# automatic
<F = $(notdir $<)
# environment
ELECTRON_RUN_AS_NODE = 1
# environment
PAGER = less
# environment
LC_ALL = C
# environment
GJS_DEBUG_TOPICS = JS ERROR;JS LOG
# automatic
^F = $(notdir $^)
# default
SUFFIXES := 
# environment
CHROME_DESKTOP = code-url-handler.desktop
# default
.INCLUDE_DIRS = /usr/include /usr/local/include /usr/include
# environment
GJS_DEBUG_OUTPUT = stderr
# default
.RECIPEPREFIX := 
# environment
LANG = C
# environment
DOCKER_HOST = unix:///run/user/40568/docker.sock
# environment
VSCODE_PID = 1780356
# variable set hash-table stats:
# Load=115/1024=11%, Rehash=0, Collisions=10/144=7%

# Pattern-specific Variable Values

# No pattern-specific variable values.

# Directories

# . (device 58, inode 64586382): 10 files, no impossibilities.

# 10 files, no impossibilities in 1 directories.

# Implicit Rules

# No implicit rules.

# Files

# Not a target:
util/win_ctrl.o:
#  Implicit rule search has not been done.
#  Modification time never checked.
#  File has not been updated.

all: fdf
#  Command line target.
#  Implicit rule search has been done.
#  File does not exist.
#  File has not been updated.

.o: .c
#  Implicit rule search has not been done.
#  Modification time never checked.
#  File has not been updated.
#  recipe to execute (from 'Makefile', line 18):
	$(CC) $(CFLAGS) -c $< -o $@ -I $(INCLUDES)

 
make: *** No rule to make target 'main/main.o', needed by 'fdf'.  Stop.
 
# Not a target:
Makefile:
#  Implicit rule search has been done.
#  Last modified 2021-12-29 14:45:43.201942966
#  File has been updated.
#  Successfully updated.

# Not a target:
.c:
#  Implicit rule search has not been done.
#  Modification time never checked.
#  File has not been updated.

fclean: clean
#  Implicit rule search has not been done.
#  Modification time never checked.
#  File has not been updated.
#  recipe to execute (from 'Makefile', line 24):
	rm -f $(EXEC)

# Not a target:
main/main.o:
#  Implicit rule search has been done.
#  File does not exist.
#  File has not been updated.

# Not a target:
.DEFAULT:
#  Implicit rule search has not been done.
#  Modification time never checked.
#  File has not been updated.

re: fclean
#  Implicit rule search has not been done.
#  Modification time never checked.
#  File has not been updated.
#  recipe to execute (from 'Makefile', line 27):
	all

clean:
#  Implicit rule search has not been done.
#  Modification time never checked.
#  File has not been updated.
#  recipe to execute (from 'Makefile', line 21):
	rm -f $(OBJS)

# Not a target:
util/line_drawing.o:
#  Implicit rule search has not been done.
#  Modification time never checked.
#  File has not been updated.

fdf: main/main.o util/line_drawing.o util/win_ctrl.o
#  Implicit rule search has not been done.
#  File does not exist.
#  File has not been updated.
#  recipe to execute (from 'Makefile', line 15):
	$(CC) $(CFLAGS) $^ -o $@ -I $(INCLUDES)

# files hash-table stats:
# Load=13/1024=1%, Rehash=0, Collisions=0/32=0%
# VPATH Search Paths

# No 'vpath' search paths.

# No general ('VPATH' variable) search path.

# strcache buffers: 1 (0) / strings = 24 / storage = 201 B / avg = 8 B
# current buf: size = 8162 B / used = 201 B / count = 24 / avg = 8 B

# strcache performance: lookups = 38 / hit rate = 36%
# hash-table stats:
# Load=24/8192=0%, Rehash=0, Collisions=1/38=3%
# Finished Make data base on Wed Dec 29 15:39:11 2021

 
